   1               		.file	"font.c"
   2               	__SREG__ = 0x3f
   3               	__SP_H__ = 0x3e
   4               	__SP_L__ = 0x3d
   5               	__CCP__  = 0x34
   6               	__tmp_reg__ = 0
   7               	__zero_reg__ = 1
   8               		.global __do_copy_data
   9               		.global __do_clear_bss
  17               	.Ltext0:
  18               	.global	fontset
  19               		.section	.progmem.data,"a",@progbits
  22               	fontset:
  23 0000 00        		.byte	0
  24 0001 00        		.byte	0
  25 0002 00        		.byte	0
  26 0003 00        		.byte	0
  27 0004 00        		.byte	0
  28 0005 00        		.byte	0
  29 0006 00        		.byte	0
  30 0007 5F        		.byte	95
  31 0008 00        		.byte	0
  32 0009 00        		.byte	0
  33 000a 00        		.byte	0
  34 000b 07        		.byte	7
  35 000c 00        		.byte	0
  36 000d 07        		.byte	7
  37 000e 00        		.byte	0
  38 000f 14        		.byte	20
  39 0010 7F        		.byte	127
  40 0011 14        		.byte	20
  41 0012 7F        		.byte	127
  42 0013 14        		.byte	20
  43 0014 24        		.byte	36
  44 0015 2A        		.byte	42
  45 0016 7F        		.byte	127
  46 0017 2A        		.byte	42
  47 0018 12        		.byte	18
  48 0019 23        		.byte	35
  49 001a 13        		.byte	19
  50 001b 08        		.byte	8
  51 001c 64        		.byte	100
  52 001d 62        		.byte	98
  53 001e 36        		.byte	54
  54 001f 49        		.byte	73
  55 0020 55        		.byte	85
  56 0021 22        		.byte	34
  57 0022 50        		.byte	80
  58 0023 00        		.byte	0
  59 0024 05        		.byte	5
  60 0025 03        		.byte	3
  61 0026 00        		.byte	0
  62 0027 00        		.byte	0
  63 0028 00        		.byte	0
  64 0029 1C        		.byte	28
  65 002a 22        		.byte	34
  66 002b 41        		.byte	65
  67 002c 00        		.byte	0
  68 002d 00        		.byte	0
  69 002e 41        		.byte	65
  70 002f 22        		.byte	34
  71 0030 1C        		.byte	28
  72 0031 00        		.byte	0
  73 0032 14        		.byte	20
  74 0033 08        		.byte	8
  75 0034 3E        		.byte	62
  76 0035 08        		.byte	8
  77 0036 14        		.byte	20
  78 0037 08        		.byte	8
  79 0038 08        		.byte	8
  80 0039 3E        		.byte	62
  81 003a 08        		.byte	8
  82 003b 08        		.byte	8
  83 003c 00        		.byte	0
  84 003d 50        		.byte	80
  85 003e 30        		.byte	48
  86 003f 00        		.byte	0
  87 0040 00        		.byte	0
  88 0041 08        		.byte	8
  89 0042 08        		.byte	8
  90 0043 08        		.byte	8
  91 0044 08        		.byte	8
  92 0045 08        		.byte	8
  93 0046 00        		.byte	0
  94 0047 60        		.byte	96
  95 0048 60        		.byte	96
  96 0049 00        		.byte	0
  97 004a 00        		.byte	0
  98 004b 20        		.byte	32
  99 004c 10        		.byte	16
 100 004d 08        		.byte	8
 101 004e 04        		.byte	4
 102 004f 02        		.byte	2
 103 0050 3E        		.byte	62
 104 0051 51        		.byte	81
 105 0052 49        		.byte	73
 106 0053 45        		.byte	69
 107 0054 3E        		.byte	62
 108 0055 00        		.byte	0
 109 0056 42        		.byte	66
 110 0057 7F        		.byte	127
 111 0058 40        		.byte	64
 112 0059 00        		.byte	0
 113 005a 42        		.byte	66
 114 005b 61        		.byte	97
 115 005c 51        		.byte	81
 116 005d 49        		.byte	73
 117 005e 46        		.byte	70
 118 005f 21        		.byte	33
 119 0060 41        		.byte	65
 120 0061 45        		.byte	69
 121 0062 4B        		.byte	75
 122 0063 31        		.byte	49
 123 0064 18        		.byte	24
 124 0065 14        		.byte	20
 125 0066 12        		.byte	18
 126 0067 7F        		.byte	127
 127 0068 10        		.byte	16
 128 0069 27        		.byte	39
 129 006a 45        		.byte	69
 130 006b 45        		.byte	69
 131 006c 45        		.byte	69
 132 006d 39        		.byte	57
 133 006e 3C        		.byte	60
 134 006f 4A        		.byte	74
 135 0070 49        		.byte	73
 136 0071 49        		.byte	73
 137 0072 30        		.byte	48
 138 0073 01        		.byte	1
 139 0074 71        		.byte	113
 140 0075 09        		.byte	9
 141 0076 05        		.byte	5
 142 0077 03        		.byte	3
 143 0078 36        		.byte	54
 144 0079 49        		.byte	73
 145 007a 49        		.byte	73
 146 007b 49        		.byte	73
 147 007c 36        		.byte	54
 148 007d 06        		.byte	6
 149 007e 49        		.byte	73
 150 007f 49        		.byte	73
 151 0080 29        		.byte	41
 152 0081 1E        		.byte	30
 153 0082 00        		.byte	0
 154 0083 36        		.byte	54
 155 0084 36        		.byte	54
 156 0085 00        		.byte	0
 157 0086 00        		.byte	0
 158 0087 00        		.byte	0
 159 0088 56        		.byte	86
 160 0089 36        		.byte	54
 161 008a 00        		.byte	0
 162 008b 00        		.byte	0
 163 008c 08        		.byte	8
 164 008d 14        		.byte	20
 165 008e 22        		.byte	34
 166 008f 41        		.byte	65
 167 0090 00        		.byte	0
 168 0091 14        		.byte	20
 169 0092 14        		.byte	20
 170 0093 14        		.byte	20
 171 0094 14        		.byte	20
 172 0095 14        		.byte	20
 173 0096 00        		.byte	0
 174 0097 41        		.byte	65
 175 0098 22        		.byte	34
 176 0099 14        		.byte	20
 177 009a 08        		.byte	8
 178 009b 00        		.byte	0
 179 009c 00        		.byte	0
 180 009d 06        		.byte	6
 181 009e 0F        		.byte	15
 182 009f 1F        		.byte	31
 183 00a0 7C        		.byte	124
 184 00a1 7C        		.byte	124
 185 00a2 3E        		.byte	62
 186 00a3 1F        		.byte	31
 187 00a4 0F        		.byte	15
 188 00a5 7E        		.byte	126
 189 00a6 11        		.byte	17
 190 00a7 11        		.byte	17
 191 00a8 11        		.byte	17
 192 00a9 7E        		.byte	126
 193 00aa 7F        		.byte	127
 194 00ab 49        		.byte	73
 195 00ac 49        		.byte	73
 196 00ad 49        		.byte	73
 197 00ae 36        		.byte	54
 198 00af 3E        		.byte	62
 199 00b0 41        		.byte	65
 200 00b1 41        		.byte	65
 201 00b2 41        		.byte	65
 202 00b3 22        		.byte	34
 203 00b4 7F        		.byte	127
 204 00b5 41        		.byte	65
 205 00b6 41        		.byte	65
 206 00b7 22        		.byte	34
 207 00b8 1C        		.byte	28
 208 00b9 7F        		.byte	127
 209 00ba 49        		.byte	73
 210 00bb 49        		.byte	73
 211 00bc 49        		.byte	73
 212 00bd 41        		.byte	65
 213 00be 7F        		.byte	127
 214 00bf 09        		.byte	9
 215 00c0 09        		.byte	9
 216 00c1 09        		.byte	9
 217 00c2 01        		.byte	1
 218 00c3 3E        		.byte	62
 219 00c4 41        		.byte	65
 220 00c5 49        		.byte	73
 221 00c6 49        		.byte	73
 222 00c7 7A        		.byte	122
 223 00c8 7F        		.byte	127
 224 00c9 08        		.byte	8
 225 00ca 08        		.byte	8
 226 00cb 08        		.byte	8
 227 00cc 7F        		.byte	127
 228 00cd 00        		.byte	0
 229 00ce 41        		.byte	65
 230 00cf 7F        		.byte	127
 231 00d0 41        		.byte	65
 232 00d1 00        		.byte	0
 233 00d2 20        		.byte	32
 234 00d3 40        		.byte	64
 235 00d4 41        		.byte	65
 236 00d5 3F        		.byte	63
 237 00d6 01        		.byte	1
 238 00d7 7F        		.byte	127
 239 00d8 08        		.byte	8
 240 00d9 14        		.byte	20
 241 00da 22        		.byte	34
 242 00db 41        		.byte	65
 243 00dc 7F        		.byte	127
 244 00dd 40        		.byte	64
 245 00de 40        		.byte	64
 246 00df 40        		.byte	64
 247 00e0 40        		.byte	64
 248 00e1 7F        		.byte	127
 249 00e2 02        		.byte	2
 250 00e3 0C        		.byte	12
 251 00e4 02        		.byte	2
 252 00e5 7F        		.byte	127
 253 00e6 7F        		.byte	127
 254 00e7 04        		.byte	4
 255 00e8 08        		.byte	8
 256 00e9 10        		.byte	16
 257 00ea 7F        		.byte	127
 258 00eb 3E        		.byte	62
 259 00ec 41        		.byte	65
 260 00ed 41        		.byte	65
 261 00ee 41        		.byte	65
 262 00ef 3E        		.byte	62
 263 00f0 7F        		.byte	127
 264 00f1 09        		.byte	9
 265 00f2 09        		.byte	9
 266 00f3 09        		.byte	9
 267 00f4 06        		.byte	6
 268 00f5 3E        		.byte	62
 269 00f6 41        		.byte	65
 270 00f7 51        		.byte	81
 271 00f8 21        		.byte	33
 272 00f9 5E        		.byte	94
 273 00fa 7F        		.byte	127
 274 00fb 09        		.byte	9
 275 00fc 19        		.byte	25
 276 00fd 29        		.byte	41
 277 00fe 46        		.byte	70
 278 00ff 46        		.byte	70
 279 0100 49        		.byte	73
 280 0101 49        		.byte	73
 281 0102 49        		.byte	73
 282 0103 31        		.byte	49
 283 0104 01        		.byte	1
 284 0105 01        		.byte	1
 285 0106 7F        		.byte	127
 286 0107 01        		.byte	1
 287 0108 01        		.byte	1
 288 0109 3F        		.byte	63
 289 010a 40        		.byte	64
 290 010b 40        		.byte	64
 291 010c 40        		.byte	64
 292 010d 3F        		.byte	63
 293 010e 1F        		.byte	31
 294 010f 20        		.byte	32
 295 0110 40        		.byte	64
 296 0111 20        		.byte	32
 297 0112 1F        		.byte	31
 298 0113 3F        		.byte	63
 299 0114 40        		.byte	64
 300 0115 38        		.byte	56
 301 0116 40        		.byte	64
 302 0117 3F        		.byte	63
 303 0118 63        		.byte	99
 304 0119 14        		.byte	20
 305 011a 08        		.byte	8
 306 011b 14        		.byte	20
 307 011c 63        		.byte	99
 308 011d 07        		.byte	7
 309 011e 08        		.byte	8
 310 011f 70        		.byte	112
 311 0120 08        		.byte	8
 312 0121 07        		.byte	7
 313 0122 61        		.byte	97
 314 0123 51        		.byte	81
 315 0124 49        		.byte	73
 316 0125 45        		.byte	69
 317 0126 43        		.byte	67
 318 0127 00        		.byte	0
 319 0128 7F        		.byte	127
 320 0129 41        		.byte	65
 321 012a 41        		.byte	65
 322 012b 00        		.byte	0
 323 012c 02        		.byte	2
 324 012d 04        		.byte	4
 325 012e 08        		.byte	8
 326 012f 10        		.byte	16
 327 0130 20        		.byte	32
 328 0131 00        		.byte	0
 329 0132 41        		.byte	65
 330 0133 41        		.byte	65
 331 0134 7F        		.byte	127
 332 0135 00        		.byte	0
 333 0136 04        		.byte	4
 334 0137 02        		.byte	2
 335 0138 01        		.byte	1
 336 0139 02        		.byte	2
 337 013a 04        		.byte	4
 338 013b 40        		.byte	64
 339 013c 40        		.byte	64
 340 013d 40        		.byte	64
 341 013e 40        		.byte	64
 342 013f 40        		.byte	64
 343 0140 00        		.byte	0
 344 0141 01        		.byte	1
 345 0142 02        		.byte	2
 346 0143 04        		.byte	4
 347 0144 00        		.byte	0
 348 0145 20        		.byte	32
 349 0146 54        		.byte	84
 350 0147 54        		.byte	84
 351 0148 54        		.byte	84
 352 0149 78        		.byte	120
 353 014a 7F        		.byte	127
 354 014b 48        		.byte	72
 355 014c 44        		.byte	68
 356 014d 44        		.byte	68
 357 014e 38        		.byte	56
 358 014f 38        		.byte	56
 359 0150 44        		.byte	68
 360 0151 44        		.byte	68
 361 0152 44        		.byte	68
 362 0153 20        		.byte	32
 363 0154 38        		.byte	56
 364 0155 44        		.byte	68
 365 0156 44        		.byte	68
 366 0157 48        		.byte	72
 367 0158 7F        		.byte	127
 368 0159 38        		.byte	56
 369 015a 54        		.byte	84
 370 015b 54        		.byte	84
 371 015c 54        		.byte	84
 372 015d 18        		.byte	24
 373 015e 08        		.byte	8
 374 015f 7E        		.byte	126
 375 0160 09        		.byte	9
 376 0161 01        		.byte	1
 377 0162 02        		.byte	2
 378 0163 0C        		.byte	12
 379 0164 52        		.byte	82
 380 0165 52        		.byte	82
 381 0166 52        		.byte	82
 382 0167 3E        		.byte	62
 383 0168 7F        		.byte	127
 384 0169 08        		.byte	8
 385 016a 04        		.byte	4
 386 016b 04        		.byte	4
 387 016c 78        		.byte	120
 388 016d 00        		.byte	0
 389 016e 44        		.byte	68
 390 016f 7D        		.byte	125
 391 0170 40        		.byte	64
 392 0171 00        		.byte	0
 393 0172 20        		.byte	32
 394 0173 40        		.byte	64
 395 0174 44        		.byte	68
 396 0175 3D        		.byte	61
 397 0176 00        		.byte	0
 398 0177 7F        		.byte	127
 399 0178 10        		.byte	16
 400 0179 28        		.byte	40
 401 017a 44        		.byte	68
 402 017b 00        		.byte	0
 403 017c 00        		.byte	0
 404 017d 41        		.byte	65
 405 017e 7F        		.byte	127
 406 017f 40        		.byte	64
 407 0180 00        		.byte	0
 408 0181 7C        		.byte	124
 409 0182 04        		.byte	4
 410 0183 18        		.byte	24
 411 0184 04        		.byte	4
 412 0185 78        		.byte	120
 413 0186 7C        		.byte	124
 414 0187 08        		.byte	8
 415 0188 04        		.byte	4
 416 0189 04        		.byte	4
 417 018a 78        		.byte	120
 418 018b 38        		.byte	56
 419 018c 44        		.byte	68
 420 018d 44        		.byte	68
 421 018e 44        		.byte	68
 422 018f 38        		.byte	56
 423 0190 7C        		.byte	124
 424 0191 14        		.byte	20
 425 0192 14        		.byte	20
 426 0193 14        		.byte	20
 427 0194 08        		.byte	8
 428 0195 08        		.byte	8
 429 0196 14        		.byte	20
 430 0197 14        		.byte	20
 431 0198 18        		.byte	24
 432 0199 7C        		.byte	124
 433 019a 7C        		.byte	124
 434 019b 08        		.byte	8
 435 019c 04        		.byte	4
 436 019d 04        		.byte	4
 437 019e 08        		.byte	8
 438 019f 48        		.byte	72
 439 01a0 54        		.byte	84
 440 01a1 54        		.byte	84
 441 01a2 54        		.byte	84
 442 01a3 20        		.byte	32
 443 01a4 04        		.byte	4
 444 01a5 3F        		.byte	63
 445 01a6 44        		.byte	68
 446 01a7 40        		.byte	64
 447 01a8 20        		.byte	32
 448 01a9 3C        		.byte	60
 449 01aa 40        		.byte	64
 450 01ab 40        		.byte	64
 451 01ac 20        		.byte	32
 452 01ad 7C        		.byte	124
 453 01ae 1C        		.byte	28
 454 01af 20        		.byte	32
 455 01b0 40        		.byte	64
 456 01b1 20        		.byte	32
 457 01b2 1C        		.byte	28
 458 01b3 3C        		.byte	60
 459 01b4 40        		.byte	64
 460 01b5 30        		.byte	48
 461 01b6 40        		.byte	64
 462 01b7 3C        		.byte	60
 463 01b8 44        		.byte	68
 464 01b9 28        		.byte	40
 465 01ba 10        		.byte	16
 466 01bb 28        		.byte	40
 467 01bc 44        		.byte	68
 468 01bd 0C        		.byte	12
 469 01be 50        		.byte	80
 470 01bf 50        		.byte	80
 471 01c0 50        		.byte	80
 472 01c1 3C        		.byte	60
 473 01c2 44        		.byte	68
 474 01c3 64        		.byte	100
 475 01c4 54        		.byte	84
 476 01c5 4C        		.byte	76
 477 01c6 44        		.byte	68
 478 01c7 00        		.byte	0
 479 01c8 08        		.byte	8
 480 01c9 36        		.byte	54
 481 01ca 41        		.byte	65
 482 01cb 00        		.byte	0
 483 01cc 00        		.byte	0
 484 01cd 00        		.byte	0
 485 01ce 7F        		.byte	127
 486 01cf 00        		.byte	0
 487 01d0 00        		.byte	0
 488 01d1 00        		.byte	0
 489 01d2 41        		.byte	65
 490 01d3 36        		.byte	54
 491 01d4 08        		.byte	8
 492 01d5 00        		.byte	0
 493 01d6 10        		.byte	16
 494 01d7 08        		.byte	8
 495 01d8 08        		.byte	8
 496 01d9 10        		.byte	16
 497 01da 08        		.byte	8
 498 01db 78        		.byte	120
 499 01dc 46        		.byte	70
 500 01dd 41        		.byte	65
 501 01de 46        		.byte	70
 502 01df 78        		.byte	120
 503               		.text
 504               	.Letext0:
DEFINED SYMBOLS
                            *ABS*:00000000 font.c
C:\Users\nehul\AppData\Local\Temp/ccShO0sh.s:2      *ABS*:0000003f __SREG__
C:\Users\nehul\AppData\Local\Temp/ccShO0sh.s:3      *ABS*:0000003e __SP_H__
C:\Users\nehul\AppData\Local\Temp/ccShO0sh.s:4      *ABS*:0000003d __SP_L__
C:\Users\nehul\AppData\Local\Temp/ccShO0sh.s:5      *ABS*:00000034 __CCP__
C:\Users\nehul\AppData\Local\Temp/ccShO0sh.s:6      *ABS*:00000000 __tmp_reg__
C:\Users\nehul\AppData\Local\Temp/ccShO0sh.s:7      *ABS*:00000001 __zero_reg__
C:\Users\nehul\AppData\Local\Temp/ccShO0sh.s:22     .progmem.data:00000000 fontset

UNDEFINED SYMBOLS
__do_copy_data
__do_clear_bss
